2021-11-10 14:35:18.767 [[32m INFO[0;39m] [main] com.fly.FlyManageApiApplication - Starting FlyManageApiApplication using Java 1.8.0_162 on DESKTOP-E3KLFR7 with PID 23936 (C:\Users\chenxx\IdeaProjects\fly-manage-api\target\classes started by chenxx in C:\Users\chenxx\IdeaProjects\fly-manage-api)
2021-11-10 14:35:18.772 [[32m INFO[0;39m] [main] com.fly.FlyManageApiApplication - No active profile set, falling back to default profiles: default
2021-11-10 14:35:19.888 [[33m WARN[0;39m] [main] o.m.s.mapper.ClassPathMapperScanner - No MyBatis mapper was found in '[com.fly]' package. Please check your configuration.
2021-11-10 14:35:19.958 [[32m INFO[0;39m] [main] o.s.d.r.c.RepositoryConfigurationDelegate - Multiple Spring Data modules found, entering strict repository configuration mode!
2021-11-10 14:35:19.961 [[32m INFO[0;39m] [main] o.s.d.r.c.RepositoryConfigurationDelegate - Bootstrapping Spring Data Redis repositories in DEFAULT mode.
2021-11-10 14:35:20.032 [[32m INFO[0;39m] [main] o.s.d.r.c.RepositoryConfigurationDelegate - Finished Spring Data repository scanning in 53 ms. Found 0 Redis repository interfaces.
2021-11-10 14:35:20.533 [[32m INFO[0;39m] [main] o.s.c.s.PostProcessorRegistrationDelegate$BeanPostProcessorChecker - Bean 'org.springframework.security.access.expression.method.DefaultMethodSecurityExpressionHandler@31e76a8d' of type [org.springframework.security.access.expression.method.DefaultMethodSecurityExpressionHandler] is not eligible for getting processed by all BeanPostProcessors (for example: not eligible for auto-proxying)
2021-11-10 14:35:20.539 [[32m INFO[0;39m] [main] o.s.c.s.PostProcessorRegistrationDelegate$BeanPostProcessorChecker - Bean 'methodSecurityMetadataSource' of type [org.springframework.security.access.method.DelegatingMethodSecurityMetadataSource] is not eligible for getting processed by all BeanPostProcessors (for example: not eligible for auto-proxying)
2021-11-10 14:35:20.860 [[32m INFO[0;39m] [main] o.s.b.w.e.tomcat.TomcatWebServer - Tomcat initialized with port(s): 8088 (http)
2021-11-10 14:35:20.873 [[32m INFO[0;39m] [main] o.a.catalina.core.StandardService - Starting service [Tomcat]
2021-11-10 14:35:20.874 [[32m INFO[0;39m] [main] o.a.catalina.core.StandardEngine - Starting Servlet engine: [Apache Tomcat/9.0.45]
2021-11-10 14:35:21.074 [[32m INFO[0;39m] [main] o.a.c.c.C.[Tomcat].[localhost].[/] - Initializing Spring embedded WebApplicationContext
2021-11-10 14:35:21.074 [[32m INFO[0;39m] [main] o.s.b.w.s.c.ServletWebServerApplicationContext - Root WebApplicationContext: initialization completed in 2225 ms
2021-11-10 14:35:23.512 [[32m INFO[0;39m] [main] o.s.s.web.DefaultSecurityFilterChain - Will secure any request with [org.springframework.security.web.context.request.async.WebAsyncManagerIntegrationFilter@e07b4db, org.springframework.security.web.context.SecurityContextPersistenceFilter@4300e240, org.springframework.security.web.header.HeaderWriterFilter@108b121f, org.springframework.web.filter.CorsFilter@76b305e1, org.springframework.security.web.authentication.logout.LogoutFilter@6b2ef50e, org.springframework.security.web.authentication.UsernamePasswordAuthenticationFilter@2b3f7704, com.fly.config.security.filter.JWTAuthenticationFilter@6be766d1, org.springframework.security.web.savedrequest.RequestCacheAwareFilter@547aaa32, org.springframework.security.web.servletapi.SecurityContextHolderAwareRequestFilter@65e4cb84, org.springframework.security.web.authentication.AnonymousAuthenticationFilter@7adae08e, org.springframework.security.web.session.SessionManagementFilter@2ff498b0, org.springframework.security.web.access.ExceptionTranslationFilter@46b5f061, org.springframework.security.web.access.intercept.FilterSecurityInterceptor@2ae5bd34]
2021-11-10 14:35:23.569 [[32m INFO[0;39m] [main] o.s.s.c.ThreadPoolTaskExecutor - Initializing ExecutorService 'applicationTaskExecutor'
2021-11-10 14:35:23.964 [[32m INFO[0;39m] [main] o.s.b.w.e.tomcat.TomcatWebServer - Tomcat started on port(s): 8088 (http) with context path ''
2021-11-10 14:35:23.975 [[32m INFO[0;39m] [main] com.fly.FlyManageApiApplication - Started FlyManageApiApplication in 6.18 seconds (JVM running for 8.252)
2021-11-10 14:35:53.779 [[32m INFO[0;39m] [http-nio-8088-exec-2] o.a.tomcat.util.http.parser.Cookie - A cookie header was received [1632702582,1634085240,1634694986] that contained an invalid cookie. That cookie will be ignored.
 Note: further occurrences of this error will be logged at DEBUG level.
2021-11-10 14:35:53.788 [[32m INFO[0;39m] [http-nio-8088-exec-2] o.a.c.c.C.[Tomcat].[localhost].[/] - Initializing Spring DispatcherServlet 'dispatcherServlet'
2021-11-10 14:35:53.788 [[32m INFO[0;39m] [http-nio-8088-exec-2] o.s.web.servlet.DispatcherServlet - Initializing Servlet 'dispatcherServlet'
2021-11-10 14:35:53.790 [[32m INFO[0;39m] [http-nio-8088-exec-2] o.s.web.servlet.DispatcherServlet - Completed initialization in 2 ms
2021-11-10 14:35:53.844 [[32m INFO[0;39m] [http-nio-8088-exec-2] com.fly.controller.WechatController - logback »’÷æ≤‚ ‘=========
2021-11-10 14:35:54.444 [[32m INFO[0;39m] [http-nio-8088-exec-5] com.fly.controller.WechatController - logback »’÷æ≤‚ ‘=========
